INFO:logger:
---------------------------------------------------------------
API v1.0 online: http://localhost:8080/departments/


INFO:werkzeug:[31m[1mWARNING: This is a development server. Do not use it in a production deployment. Use a production WSGI server instead.[0m
 * Running on all addresses (0.0.0.0)
 * Running on http://127.0.0.1:8080
 * Running on http://192.168.1.137:8080
INFO:werkzeug:[33mPress CTRL+C to quit[0m
INFO:werkzeug: * Restarting with stat
INFO:logger:
---------------------------------------------------------------
API v1.0 online: http://localhost:8080/departments/


WARNING:werkzeug: * Debugger is active!
INFO:werkzeug: * Debugger PIN: 105-872-535
INFO:logger:###              DEMO: GET /departments              ###
INFO:werkzeug:127.0.0.1 - - [24/Nov/2024 15:52:31] "[35m[1mGET /departments/ HTTP/1.1[0m" 500 -
INFO:werkzeug:127.0.0.1 - - [24/Nov/2024 15:52:31] "GET /departments/?__debugger__=yes&cmd=resource&f=style.css HTTP/1.1" 200 -
INFO:werkzeug:127.0.0.1 - - [24/Nov/2024 15:52:31] "GET /departments/?__debugger__=yes&cmd=resource&f=debugger.js HTTP/1.1" 200 -
INFO:werkzeug:127.0.0.1 - - [24/Nov/2024 15:52:31] "GET /departments/?__debugger__=yes&cmd=resource&f=console.png&s=0SNhSzE9crmJyEWbTaIu HTTP/1.1" 200 -
INFO:werkzeug:127.0.0.1 - - [24/Nov/2024 15:52:31] "[36mGET /departments/?__debugger__=yes&cmd=resource&f=console.png HTTP/1.1[0m" 304 -
INFO:logger:###              DEMO: GET /departments/<ndep>              ###
DEBUG:logger:ndep: 80
INFO:werkzeug:127.0.0.1 - - [24/Nov/2024 15:52:40] "[35m[1mGET /departments/80 HTTP/1.1[0m" 500 -
INFO:werkzeug:127.0.0.1 - - [24/Nov/2024 15:52:40] "GET /departments/80?__debugger__=yes&cmd=resource&f=style.css HTTP/1.1" 200 -
INFO:werkzeug:127.0.0.1 - - [24/Nov/2024 15:52:40] "GET /departments/80?__debugger__=yes&cmd=resource&f=debugger.js HTTP/1.1" 200 -
INFO:werkzeug:127.0.0.1 - - [24/Nov/2024 15:52:40] "GET /departments/80?__debugger__=yes&cmd=resource&f=console.png&s=0SNhSzE9crmJyEWbTaIu HTTP/1.1" 200 -
INFO:werkzeug:127.0.0.1 - - [24/Nov/2024 15:52:40] "GET /departments/80?__debugger__=yes&cmd=resource&f=console.png HTTP/1.1" 200 -
INFO:werkzeug:127.0.0.1 - - [24/Nov/2024 15:52:47] "[33mGET /departments/80/ HTTP/1.1[0m" 404 -
INFO:logger:
---------------------------------------------------------------
API v1.0 online: http://localhost:8080/departments/


INFO:werkzeug:[31m[1mWARNING: This is a development server. Do not use it in a production deployment. Use a production WSGI server instead.[0m
 * Running on all addresses (0.0.0.0)
 * Running on http://127.0.0.1:8080
 * Running on http://192.168.1.137:8080
INFO:werkzeug:[33mPress CTRL+C to quit[0m
INFO:werkzeug: * Restarting with stat
INFO:logger:
---------------------------------------------------------------
API v1.0 online: http://localhost:8080/departments/


WARNING:werkzeug: * Debugger is active!
INFO:werkzeug: * Debugger PIN: 105-872-535
INFO:logger:###              DEMO: GET /departments              ###
INFO:werkzeug:127.0.0.1 - - [24/Nov/2024 16:06:59] "[35m[1mGET /departments/ HTTP/1.1[0m" 500 -
INFO:werkzeug:127.0.0.1 - - [24/Nov/2024 16:07:00] "[36mGET /departments/?__debugger__=yes&cmd=resource&f=style.css HTTP/1.1[0m" 304 -
INFO:werkzeug:127.0.0.1 - - [24/Nov/2024 16:07:00] "[36mGET /departments/?__debugger__=yes&cmd=resource&f=debugger.js HTTP/1.1[0m" 304 -
INFO:werkzeug:127.0.0.1 - - [24/Nov/2024 16:07:00] "GET /departments/?__debugger__=yes&cmd=resource&f=console.png&s=6Hd3oX28lglW2LLvCUZ4 HTTP/1.1" 200 -
INFO:logger:
---------------------------------------------------------------
API v1.0 online: http://localhost:8080/departments/


INFO:werkzeug:[31m[1mWARNING: This is a development server. Do not use it in a production deployment. Use a production WSGI server instead.[0m
 * Running on all addresses (0.0.0.0)
 * Running on http://127.0.0.1:8080
 * Running on http://192.168.1.137:8080
INFO:werkzeug:[33mPress CTRL+C to quit[0m
INFO:werkzeug: * Restarting with stat
INFO:logger:
---------------------------------------------------------------
API v1.0 online: http://localhost:8080/departments/


WARNING:werkzeug: * Debugger is active!
INFO:werkzeug: * Debugger PIN: 105-872-535
INFO:logger:###              DEMO: GET /departments              ###
INFO:werkzeug:127.0.0.1 - - [24/Nov/2024 16:07:47] "[35m[1mGET /departments/ HTTP/1.1[0m" 500 -
INFO:werkzeug:127.0.0.1 - - [24/Nov/2024 16:07:47] "[36mGET /departments/?__debugger__=yes&cmd=resource&f=style.css HTTP/1.1[0m" 304 -
INFO:werkzeug:127.0.0.1 - - [24/Nov/2024 16:07:47] "[36mGET /departments/?__debugger__=yes&cmd=resource&f=debugger.js HTTP/1.1[0m" 304 -
INFO:werkzeug:127.0.0.1 - - [24/Nov/2024 16:07:47] "GET /departments/?__debugger__=yes&cmd=resource&f=console.png&s=sraJ7rJEHyrgTYeGQmr9 HTTP/1.1" 200 -
INFO:werkzeug:127.0.0.1 - - [24/Nov/2024 16:19:09] "GET / HTTP/1.1" 200 -
INFO:logger:
---------------------------------------------------------------
API v1.0 online: http://localhost:8080/departments/


INFO:werkzeug:[31m[1mWARNING: This is a development server. Do not use it in a production deployment. Use a production WSGI server instead.[0m
 * Running on all addresses (0.0.0.0)
 * Running on http://127.0.0.1:8080
 * Running on http://192.168.1.137:8080
INFO:werkzeug:[33mPress CTRL+C to quit[0m
INFO:werkzeug: * Restarting with stat
INFO:logger:
---------------------------------------------------------------
API v1.0 online: http://localhost:8080/departments/


WARNING:werkzeug: * Debugger is active!
INFO:werkzeug: * Debugger PIN: 105-872-535
INFO:logger:###              DEMO: GET /departments              ###
INFO:werkzeug:127.0.0.1 - - [24/Nov/2024 16:25:43] "[35m[1mGET /departments/ HTTP/1.1[0m" 500 -
INFO:werkzeug:127.0.0.1 - - [24/Nov/2024 16:25:43] "[36mGET /departments/?__debugger__=yes&cmd=resource&f=debugger.js HTTP/1.1[0m" 304 -
INFO:werkzeug:127.0.0.1 - - [24/Nov/2024 16:25:43] "[36mGET /departments/?__debugger__=yes&cmd=resource&f=style.css HTTP/1.1[0m" 304 -
INFO:werkzeug:127.0.0.1 - - [24/Nov/2024 16:25:43] "GET /departments/?__debugger__=yes&cmd=resource&f=console.png&s=8EI3DHfwasdIyWiZkKAR HTTP/1.1" 200 -
INFO:logger:
---------------------------------------------------------------
API v1.0 online: http://localhost:8080/departments/


INFO:werkzeug:[31m[1mWARNING: This is a development server. Do not use it in a production deployment. Use a production WSGI server instead.[0m
 * Running on all addresses (0.0.0.0)
 * Running on http://127.0.0.1:8080
 * Running on http://192.168.1.137:8080
INFO:werkzeug:[33mPress CTRL+C to quit[0m
INFO:werkzeug: * Restarting with stat
INFO:logger:
---------------------------------------------------------------
API v1.0 online: http://localhost:8080/departments/


WARNING:werkzeug: * Debugger is active!
INFO:werkzeug: * Debugger PIN: 105-872-535
INFO:logger:###              DEMO: GET /departments              ###
INFO:werkzeug:127.0.0.1 - - [24/Nov/2024 16:30:26] "[35m[1mGET /departments/ HTTP/1.1[0m" 500 -
INFO:werkzeug:127.0.0.1 - - [24/Nov/2024 16:30:26] "[36mGET /departments/?__debugger__=yes&cmd=resource&f=style.css HTTP/1.1[0m" 304 -
INFO:werkzeug:127.0.0.1 - - [24/Nov/2024 16:30:26] "[36mGET /departments/?__debugger__=yes&cmd=resource&f=debugger.js HTTP/1.1[0m" 304 -
INFO:werkzeug:127.0.0.1 - - [24/Nov/2024 16:30:26] "GET /departments/?__debugger__=yes&cmd=resource&f=console.png&s=rmUvtnDpHN1H9lgxdumD HTTP/1.1" 200 -
INFO:logger:
---------------------------------------------------------------
API v1.0 online: http://localhost:8080/departments/


INFO:werkzeug:[31m[1mWARNING: This is a development server. Do not use it in a production deployment. Use a production WSGI server instead.[0m
 * Running on all addresses (0.0.0.0)
 * Running on http://127.0.0.1:8080
 * Running on http://192.168.1.137:8080
INFO:werkzeug:[33mPress CTRL+C to quit[0m
INFO:werkzeug: * Restarting with stat
INFO:logger:
---------------------------------------------------------------
API v1.0 online: http://localhost:8080/departments/


WARNING:werkzeug: * Debugger is active!
INFO:werkzeug: * Debugger PIN: 105-872-535
INFO:logger:###              DEMO: GET /departments              ###
INFO:werkzeug:127.0.0.1 - - [24/Nov/2024 16:37:37] "[35m[1mGET /departments/ HTTP/1.1[0m" 500 -
INFO:werkzeug:127.0.0.1 - - [24/Nov/2024 16:37:37] "[36mGET /departments/?__debugger__=yes&cmd=resource&f=style.css HTTP/1.1[0m" 304 -
INFO:werkzeug:127.0.0.1 - - [24/Nov/2024 16:37:37] "[36mGET /departments/?__debugger__=yes&cmd=resource&f=debugger.js HTTP/1.1[0m" 304 -
INFO:werkzeug:127.0.0.1 - - [24/Nov/2024 16:37:37] "GET /departments/?__debugger__=yes&cmd=resource&f=console.png&s=IdoGTAxY2w6cuBa4E4Rk HTTP/1.1" 200 -
INFO:logger:
---------------------------------------------------------------
API v1.0 online: http://localhost:8080/departments/


INFO:werkzeug:[31m[1mWARNING: This is a development server. Do not use it in a production deployment. Use a production WSGI server instead.[0m
 * Running on all addresses (0.0.0.0)
 * Running on http://127.0.0.1:8080
 * Running on http://192.168.1.137:8080
INFO:werkzeug:[33mPress CTRL+C to quit[0m
INFO:werkzeug: * Restarting with stat
INFO:logger:
---------------------------------------------------------------
API v1.0 online: http://localhost:8080/departments/


WARNING:werkzeug: * Debugger is active!
INFO:werkzeug: * Debugger PIN: 105-872-535
INFO:logger:###              DEMO: GET /departments              ###
INFO:werkzeug:127.0.0.1 - - [24/Nov/2024 16:42:50] "[35m[1mGET /departments/ HTTP/1.1[0m" 500 -
INFO:werkzeug:127.0.0.1 - - [24/Nov/2024 16:42:50] "[36mGET /departments/?__debugger__=yes&cmd=resource&f=debugger.js HTTP/1.1[0m" 304 -
INFO:werkzeug:127.0.0.1 - - [24/Nov/2024 16:42:50] "[36mGET /departments/?__debugger__=yes&cmd=resource&f=style.css HTTP/1.1[0m" 304 -
INFO:werkzeug:127.0.0.1 - - [24/Nov/2024 16:42:50] "GET /departments/?__debugger__=yes&cmd=resource&f=console.png&s=FpJWaqslKURbFPtS4tqL HTTP/1.1" 200 -
INFO:werkzeug: * Detected change in '/Users/francisca_mateus/Desktop/Universidade/2ยบ Ano/1ยบ Semestre/SGD/Projeto/Cloud-Query/python/app/cloud_query.py', reloading
INFO:werkzeug: * Restarting with stat
INFO:logger:
---------------------------------------------------------------
API v1.0 online: http://localhost:8080/departments/


WARNING:werkzeug: * Debugger is active!
INFO:werkzeug: * Debugger PIN: 105-872-535
INFO:werkzeug: * Detected change in '/Users/francisca_mateus/Desktop/Universidade/2ยบ Ano/1ยบ Semestre/SGD/Projeto/Cloud-Query/python/app/cloud_query.py', reloading
INFO:werkzeug: * Restarting with stat
INFO:logger:
---------------------------------------------------------------
API v1.0 online: http://localhost:8080/departments/


WARNING:werkzeug: * Debugger is active!
INFO:werkzeug: * Debugger PIN: 105-872-535
INFO:werkzeug: * Detected change in '/Users/francisca_mateus/Desktop/Universidade/2ยบ Ano/1ยบ Semestre/SGD/Projeto/Cloud-Query/python/app/cloud_query.py', reloading
INFO:werkzeug: * Restarting with stat
INFO:logger:
---------------------------------------------------------------
API v1.0 online: http://localhost:8080/departments/


WARNING:werkzeug: * Debugger is active!
INFO:werkzeug: * Debugger PIN: 105-872-535
INFO:werkzeug: * Detected change in '/Users/francisca_mateus/Desktop/Universidade/2ยบ Ano/1ยบ Semestre/SGD/Projeto/Cloud-Query/python/app/cloud_query.py', reloading
INFO:werkzeug: * Restarting with stat
INFO:logger:
---------------------------------------------------------------
API v1.0 online: http://localhost:8080/departments/


WARNING:werkzeug: * Debugger is active!
INFO:werkzeug: * Debugger PIN: 105-872-535
INFO:werkzeug: * Detected change in '/Users/francisca_mateus/Desktop/Universidade/2ยบ Ano/1ยบ Semestre/SGD/Projeto/Cloud-Query/python/app/cloud_query.py', reloading
INFO:werkzeug: * Restarting with stat
INFO:logger:
---------------------------------------------------------------
API v1.0 online: http://localhost:8080/departments/


WARNING:werkzeug: * Debugger is active!
INFO:werkzeug: * Debugger PIN: 105-872-535
INFO:werkzeug: * Detected change in '/Users/francisca_mateus/Desktop/Universidade/2ยบ Ano/1ยบ Semestre/SGD/Projeto/Cloud-Query/python/app/cloud_query.py', reloading
INFO:werkzeug: * Restarting with stat
INFO:logger:
---------------------------------------------------------------
API v1.0 online: http://localhost:8080/departments/


WARNING:werkzeug: * Debugger is active!
INFO:werkzeug: * Debugger PIN: 105-872-535
INFO:logger:
---------------------------------------------------------------
API v1.0 online: http://localhost:8080/departments/


INFO:werkzeug:[31m[1mWARNING: This is a development server. Do not use it in a production deployment. Use a production WSGI server instead.[0m
 * Running on all addresses (0.0.0.0)
 * Running on http://127.0.0.1:8080
 * Running on http://192.168.1.137:8080
INFO:werkzeug:[33mPress CTRL+C to quit[0m
INFO:werkzeug: * Restarting with stat
INFO:logger:
---------------------------------------------------------------
API v1.0 online: http://localhost:8080/departments/


WARNING:werkzeug: * Debugger is active!
INFO:werkzeug: * Debugger PIN: 105-872-535
INFO:logger:###              DEMO: GET /departments              ###
INFO:werkzeug:127.0.0.1 - - [24/Nov/2024 16:45:14] "[35m[1mGET /departments/ HTTP/1.1[0m" 500 -
INFO:werkzeug:127.0.0.1 - - [24/Nov/2024 16:45:14] "[36mGET /departments/?__debugger__=yes&cmd=resource&f=debugger.js HTTP/1.1[0m" 304 -
INFO:werkzeug:127.0.0.1 - - [24/Nov/2024 16:45:14] "[36mGET /departments/?__debugger__=yes&cmd=resource&f=style.css HTTP/1.1[0m" 304 -
INFO:werkzeug:127.0.0.1 - - [24/Nov/2024 16:45:14] "GET /departments/?__debugger__=yes&cmd=resource&f=console.png&s=dUw3rhpM4Dq5C7nGZZhF HTTP/1.1" 200 -
INFO:werkzeug: * Detected change in '/Users/francisca_mateus/Desktop/Universidade/2ยบ Ano/1ยบ Semestre/SGD/Projeto/Cloud-Query/python/app/cloud_query.py', reloading
INFO:werkzeug: * Restarting with stat
INFO:logger:
---------------------------------------------------------------
API v1.0 online: http://localhost:8080/departments/


INFO:werkzeug:[31m[1mWARNING: This is a development server. Do not use it in a production deployment. Use a production WSGI server instead.[0m
 * Running on all addresses (0.0.0.0)
 * Running on http://127.0.0.1:8080
 * Running on http://192.168.1.137:8080
INFO:werkzeug:[33mPress CTRL+C to quit[0m
INFO:werkzeug: * Restarting with stat
INFO:logger:
---------------------------------------------------------------
API v1.0 online: http://localhost:8080/departments/


WARNING:werkzeug: * Debugger is active!
INFO:werkzeug: * Debugger PIN: 105-872-535
INFO:logger:###              DEMO: GET /departments              ###
INFO:werkzeug:127.0.0.1 - - [24/Nov/2024 16:47:46] "[35m[1mGET /departments/ HTTP/1.1[0m" 500 -
INFO:werkzeug:127.0.0.1 - - [24/Nov/2024 16:47:46] "[36mGET /departments/?__debugger__=yes&cmd=resource&f=style.css HTTP/1.1[0m" 304 -
INFO:werkzeug:127.0.0.1 - - [24/Nov/2024 16:47:46] "[36mGET /departments/?__debugger__=yes&cmd=resource&f=debugger.js HTTP/1.1[0m" 304 -
INFO:werkzeug:127.0.0.1 - - [24/Nov/2024 16:47:46] "GET /departments/?__debugger__=yes&cmd=resource&f=console.png&s=InEEpuoT9HtJqoflPmw1 HTTP/1.1" 200 -
INFO:werkzeug: * Detected change in '/Users/francisca_mateus/Desktop/Universidade/2ยบ Ano/1ยบ Semestre/SGD/Projeto/Cloud-Query/python/app/cloud_query.py', reloading
INFO:werkzeug: * Restarting with stat
INFO:logger:
---------------------------------------------------------------
API v1.0 online: http://localhost:8080/departments/


WARNING:werkzeug: * Debugger is active!
INFO:werkzeug: * Debugger PIN: 105-872-535
INFO:logger:
---------------------------------------------------------------
API v1.0 online: http://localhost:8080/departments/


INFO:werkzeug:[31m[1mWARNING: This is a development server. Do not use it in a production deployment. Use a production WSGI server instead.[0m
 * Running on all addresses (0.0.0.0)
 * Running on http://127.0.0.1:8080
 * Running on http://192.168.1.137:8080
INFO:werkzeug:[33mPress CTRL+C to quit[0m
INFO:werkzeug: * Restarting with stat
INFO:logger:
---------------------------------------------------------------
API v1.0 online: http://localhost:8080/departments/


WARNING:werkzeug: * Debugger is active!
INFO:werkzeug: * Debugger PIN: 105-872-535
INFO:logger:###              DEMO: GET /departments              ###
INFO:werkzeug:127.0.0.1 - - [24/Nov/2024 16:49:39] "[35m[1mGET /departments/ HTTP/1.1[0m" 500 -
INFO:werkzeug:127.0.0.1 - - [24/Nov/2024 16:49:39] "[36mGET /departments/?__debugger__=yes&cmd=resource&f=style.css HTTP/1.1[0m" 304 -
INFO:werkzeug:127.0.0.1 - - [24/Nov/2024 16:49:39] "[36mGET /departments/?__debugger__=yes&cmd=resource&f=debugger.js HTTP/1.1[0m" 304 -
INFO:werkzeug:127.0.0.1 - - [24/Nov/2024 16:49:39] "GET /departments/?__debugger__=yes&cmd=resource&f=console.png&s=fTQWH51YwTjYIVKT1Dgu HTTP/1.1" 200 -
INFO:logger:
---------------------------------------------------------------
API v1.0 online: http://localhost:8080/departments/


INFO:werkzeug:[31m[1mWARNING: This is a development server. Do not use it in a production deployment. Use a production WSGI server instead.[0m
 * Running on all addresses (0.0.0.0)
 * Running on http://127.0.0.1:8080
 * Running on http://192.168.1.137:8080
INFO:werkzeug:[33mPress CTRL+C to quit[0m
INFO:werkzeug: * Restarting with stat
INFO:logger:
---------------------------------------------------------------
API v1.0 online: http://localhost:8080/departments/


WARNING:werkzeug: * Debugger is active!
INFO:werkzeug: * Debugger PIN: 105-872-535
INFO:logger:###              DEMO: GET /departments              ###
INFO:werkzeug:127.0.0.1 - - [24/Nov/2024 17:56:59] "[35m[1mGET /departments/ HTTP/1.1[0m" 500 -
INFO:werkzeug:127.0.0.1 - - [24/Nov/2024 17:56:59] "[36mGET /departments/?__debugger__=yes&cmd=resource&f=style.css HTTP/1.1[0m" 304 -
INFO:werkzeug:127.0.0.1 - - [24/Nov/2024 17:56:59] "[36mGET /departments/?__debugger__=yes&cmd=resource&f=debugger.js HTTP/1.1[0m" 304 -
INFO:werkzeug:127.0.0.1 - - [24/Nov/2024 17:56:59] "GET /departments/?__debugger__=yes&cmd=resource&f=console.png&s=TkUhPR5tb3wak2oKOVFC HTTP/1.1" 200 -
INFO:logger:
---------------------------------------------------------------
API v1.0 online: http://localhost:8080/departments/


INFO:logger:
---------------------------------------------------------------
API v1.0 online: http://localhost:8080/departments/


INFO:logger:
---------------------------------------------------------------
API v1.0 online: http://localhost:8080/departments/


INFO:werkzeug:[31m[1mWARNING: This is a development server. Do not use it in a production deployment. Use a production WSGI server instead.[0m
 * Running on all addresses (0.0.0.0)
 * Running on http://127.0.0.1:8080
 * Running on http://192.168.1.137:8080
INFO:werkzeug:[33mPress CTRL+C to quit[0m
INFO:werkzeug: * Restarting with stat
INFO:logger:
---------------------------------------------------------------
API v1.0 online: http://localhost:8080/departments/


WARNING:werkzeug: * Debugger is active!
INFO:werkzeug: * Debugger PIN: 105-872-535
INFO:logger:###              DEMO: GET /departments              ###
INFO:werkzeug:127.0.0.1 - - [24/Nov/2024 18:40:07] "[35m[1mGET /departments/ HTTP/1.1[0m" 500 -
INFO:werkzeug:127.0.0.1 - - [24/Nov/2024 18:40:07] "[36mGET /departments/?__debugger__=yes&cmd=resource&f=debugger.js HTTP/1.1[0m" 304 -
INFO:werkzeug:127.0.0.1 - - [24/Nov/2024 18:40:07] "[36mGET /departments/?__debugger__=yes&cmd=resource&f=style.css HTTP/1.1[0m" 304 -
INFO:werkzeug:127.0.0.1 - - [24/Nov/2024 18:40:07] "GET /departments/?__debugger__=yes&cmd=resource&f=console.png&s=UjAtes7JVhhXYGK4G7F1 HTTP/1.1" 200 -
INFO:werkzeug:127.0.0.1 - - [24/Nov/2024 18:40:07] "[36mGET /departments/?__debugger__=yes&cmd=resource&f=console.png HTTP/1.1[0m" 304 -
INFO:werkzeug:127.0.0.1 - - [24/Nov/2024 18:40:21] "GET / HTTP/1.1" 200 -
INFO:werkzeug: * Detected change in '/Users/francisca_mateus/Desktop/Universidade/2ยบ Ano/1ยบ Semestre/SGD/Projeto/Cloud-Query/python/app/cloud_query.py', reloading
INFO:werkzeug: * Restarting with stat
INFO:logger:
---------------------------------------------------------------
API v1.0 online: http://localhost:8080/departments/


INFO:werkzeug:[31m[1mWARNING: This is a development server. Do not use it in a production deployment. Use a production WSGI server instead.[0m
 * Running on all addresses (0.0.0.0)
 * Running on http://127.0.0.1:8080
 * Running on http://192.168.1.137:8080
INFO:werkzeug:[33mPress CTRL+C to quit[0m
INFO:werkzeug: * Restarting with stat
INFO:logger:
---------------------------------------------------------------
API v1.0 online: http://localhost:8080/departments/


WARNING:werkzeug: * Debugger is active!
INFO:werkzeug: * Debugger PIN: 105-872-535
INFO:logger:###              DEMO: POST /users              ###
INFO:logger:---- new user  ----
DEBUG:logger:payload: {'username': 'francisca.sgd', 'password': 'test#123!', 'email': 'francisca.sgd@test.com'}
INFO:werkzeug:127.0.0.1 - - [24/Nov/2024 19:48:09] "POST /users/ HTTP/1.1" 200 -
INFO:logger:###              DEMO: GET /departments              ###
INFO:werkzeug:127.0.0.1 - - [24/Nov/2024 19:48:51] "[35m[1mGET /departments/ HTTP/1.1[0m" 500 -
INFO:werkzeug:127.0.0.1 - - [24/Nov/2024 19:48:51] "[36mGET /departments/?__debugger__=yes&cmd=resource&f=debugger.js HTTP/1.1[0m" 304 -
INFO:werkzeug:127.0.0.1 - - [24/Nov/2024 19:48:51] "[36mGET /departments/?__debugger__=yes&cmd=resource&f=style.css HTTP/1.1[0m" 304 -
INFO:werkzeug:127.0.0.1 - - [24/Nov/2024 19:48:51] "GET /departments/?__debugger__=yes&cmd=resource&f=console.png&s=tRausJCTN2MIWgD2FeLo HTTP/1.1" 200 -
INFO:werkzeug:127.0.0.1 - - [24/Nov/2024 19:48:51] "[36mGET /departments/?__debugger__=yes&cmd=resource&f=console.png HTTP/1.1[0m" 304 -
INFO:werkzeug:127.0.0.1 - - [24/Nov/2024 19:48:55] "[33mGET /users/1 HTTP/1.1[0m" 404 -
INFO:werkzeug: * Detected change in '/Users/francisca_mateus/Desktop/Universidade/2ยบ Ano/1ยบ Semestre/SGD/Projeto/Cloud-Query/python/app/cloud_query.py', reloading
INFO:werkzeug: * Restarting with stat
INFO:logger:
---------------------------------------------------------------
API v1.0 online: http://localhost:8080/departments/


INFO:werkzeug:[31m[1mWARNING: This is a development server. Do not use it in a production deployment. Use a production WSGI server instead.[0m
 * Running on all addresses (0.0.0.0)
 * Running on http://127.0.0.1:8080
 * Running on http://192.168.1.137:8080
INFO:werkzeug:[33mPress CTRL+C to quit[0m
INFO:werkzeug: * Restarting with stat
INFO:logger:
---------------------------------------------------------------
API v1.0 online: http://localhost:8080/departments/


WARNING:werkzeug: * Debugger is active!
INFO:werkzeug: * Debugger PIN: 105-872-535
INFO:logger:###              DEMO: GET /users/<username>              ###
DEBUG:logger:ndep: francisca
INFO:werkzeug:127.0.0.1 - - [24/Nov/2024 19:53:14] "[35m[1mGET /users/francisca HTTP/1.1[0m" 500 -
INFO:werkzeug: * Detected change in '/Users/francisca_mateus/Desktop/Universidade/2ยบ Ano/1ยบ Semestre/SGD/Projeto/Cloud-Query/python/app/cloud_query.py', reloading
INFO:werkzeug: * Restarting with stat
INFO:logger:
---------------------------------------------------------------
API v1.0 online: http://localhost:8080/departments/


WARNING:werkzeug: * Debugger is active!
INFO:werkzeug: * Debugger PIN: 105-872-535
INFO:werkzeug: * Detected change in '/Users/francisca_mateus/Desktop/Universidade/2ยบ Ano/1ยบ Semestre/SGD/Projeto/Cloud-Query/python/app/cloud_query.py', reloading
INFO:werkzeug: * Restarting with stat
INFO:logger:
---------------------------------------------------------------
API v1.0 online: http://localhost:8080/departments/


WARNING:werkzeug: * Debugger is active!
INFO:werkzeug: * Debugger PIN: 105-872-535
INFO:logger:
---------------------------------------------------------------
API v1.0 online: http://localhost:8080/departments/


INFO:werkzeug:[31m[1mWARNING: This is a development server. Do not use it in a production deployment. Use a production WSGI server instead.[0m
 * Running on all addresses (0.0.0.0)
 * Running on http://127.0.0.1:8080
 * Running on http://192.168.1.137:8080
INFO:werkzeug:[33mPress CTRL+C to quit[0m
INFO:werkzeug: * Restarting with stat
INFO:logger:
---------------------------------------------------------------
API v1.0 online: http://localhost:8080/departments/


WARNING:werkzeug: * Debugger is active!
INFO:werkzeug: * Debugger PIN: 105-872-535
INFO:logger:###              DEMO: GET /users/<username>              ###
DEBUG:logger:ndep: francisca
INFO:werkzeug:127.0.0.1 - - [24/Nov/2024 19:54:07] "[35m[1mGET /users/francisca HTTP/1.1[0m" 500 -
INFO:werkzeug: * Detected change in '/Users/francisca_mateus/Desktop/Universidade/2ยบ Ano/1ยบ Semestre/SGD/Projeto/Cloud-Query/python/app/cloud_query.py', reloading
INFO:werkzeug: * Restarting with stat
INFO:logger:
---------------------------------------------------------------
API v1.0 online: http://localhost:8080/departments/


WARNING:werkzeug: * Debugger is active!
INFO:werkzeug: * Debugger PIN: 105-872-535
INFO:werkzeug: * Detected change in '/Users/francisca_mateus/Desktop/Universidade/2ยบ Ano/1ยบ Semestre/SGD/Projeto/Cloud-Query/python/app/cloud_query.py', reloading
INFO:werkzeug: * Restarting with stat
INFO:logger:
---------------------------------------------------------------
API v1.0 online: http://localhost:8080/departments/


WARNING:werkzeug: * Debugger is active!
INFO:werkzeug: * Debugger PIN: 105-872-535
INFO:logger:###              DEMO: GET /users/<username>              ###
DEBUG:logger:ndep: francisca.sgd
INFO:werkzeug:127.0.0.1 - - [24/Nov/2024 19:54:56] "[35m[1mGET /users/francisca.sgd HTTP/1.1[0m" 500 -
INFO:werkzeug: * Detected change in '/Users/francisca_mateus/Desktop/Universidade/2ยบ Ano/1ยบ Semestre/SGD/Projeto/Cloud-Query/python/app/cloud_query.py', reloading
INFO:werkzeug: * Restarting with stat
INFO:logger:
---------------------------------------------------------------
API v1.0 online: http://localhost:8080/departments/


WARNING:werkzeug: * Debugger is active!
INFO:werkzeug: * Debugger PIN: 105-872-535
INFO:werkzeug: * Detected change in '/Users/francisca_mateus/Desktop/Universidade/2ยบ Ano/1ยบ Semestre/SGD/Projeto/Cloud-Query/python/app/cloud_query.py', reloading
INFO:werkzeug: * Restarting with stat
INFO:logger:
---------------------------------------------------------------
API v1.0 online: http://localhost:8080/departments/


WARNING:werkzeug: * Debugger is active!
INFO:werkzeug: * Debugger PIN: 105-872-535
INFO:werkzeug: * Detected change in '/Users/francisca_mateus/Desktop/Universidade/2ยบ Ano/1ยบ Semestre/SGD/Projeto/Cloud-Query/python/app/cloud_query.py', reloading
INFO:werkzeug: * Restarting with stat
INFO:logger:
---------------------------------------------------------------
API v1.0 online: http://localhost:8080/departments/


WARNING:werkzeug: * Debugger is active!
INFO:werkzeug: * Debugger PIN: 105-872-535
INFO:logger:###              DEMO: GET /users/<username>              ###
DEBUG:logger:ndep: francisca.sgd
INFO:werkzeug:127.0.0.1 - - [24/Nov/2024 19:55:36] "[35m[1mGET /users/francisca.sgd HTTP/1.1[0m" 500 -
INFO:werkzeug: * Detected change in '/Users/francisca_mateus/Desktop/Universidade/2ยบ Ano/1ยบ Semestre/SGD/Projeto/Cloud-Query/python/app/cloud_query.py', reloading
INFO:werkzeug: * Restarting with stat
INFO:logger:
---------------------------------------------------------------
API v1.0 online: http://localhost:8080/departments/


WARNING:werkzeug: * Debugger is active!
INFO:werkzeug: * Debugger PIN: 105-872-535
INFO:logger:###              DEMO: GET /users/<username>              ###
DEBUG:logger:ndep: francisca.sgd
DEBUG:logger:---- selected user  ----
DEBUG:logger:(1, 'francisca.sgd', 'francisca.sgd@test.com', 'test#123!')
INFO:werkzeug:127.0.0.1 - - [24/Nov/2024 19:57:07] "GET /users/francisca.sgd HTTP/1.1" 200 -
INFO:werkzeug: * Detected change in '/Users/francisca_mateus/Desktop/Universidade/2ยบ Ano/1ยบ Semestre/SGD/Projeto/Cloud-Query/python/app/cloud_query.py', reloading
INFO:werkzeug: * Restarting with stat
INFO:logger:
---------------------------------------------------------------
API v1.0 online: http://localhost:8080/departments/


WARNING:werkzeug: * Debugger is active!
INFO:werkzeug: * Debugger PIN: 105-872-535
INFO:werkzeug: * Detected change in '/Users/francisca_mateus/Desktop/Universidade/2ยบ Ano/1ยบ Semestre/SGD/Projeto/Cloud-Query/python/app/cloud_query.py', reloading
INFO:werkzeug: * Restarting with stat
INFO:logger:
---------------------------------------------------------------
API v1.0 online: http://localhost:8080/departments/


WARNING:werkzeug: * Debugger is active!
INFO:werkzeug: * Debugger PIN: 105-872-535
INFO:werkzeug: * Detected change in '/Users/francisca_mateus/Desktop/Universidade/2ยบ Ano/1ยบ Semestre/SGD/Projeto/Cloud-Query/python/app/cloud_query.py', reloading
INFO:werkzeug: * Restarting with stat
INFO:logger:
---------------------------------------------------------------
API v1.0 online: http://localhost:8080/departments/


WARNING:werkzeug: * Debugger is active!
INFO:werkzeug: * Debugger PIN: 105-872-535
INFO:logger:###              DEMO: GET /users/<username>              ###
DEBUG:logger:ndep: francisca
INFO:werkzeug:127.0.0.1 - - [24/Nov/2024 19:57:31] "[35m[1mGET /users/francisca HTTP/1.1[0m" 500 -
INFO:werkzeug: * Detected change in '/Users/francisca_mateus/Desktop/Universidade/2ยบ Ano/1ยบ Semestre/SGD/Projeto/Cloud-Query/python/app/cloud_query.py', reloading
INFO:werkzeug: * Restarting with stat
INFO:logger:
---------------------------------------------------------------
API v1.0 online: http://localhost:8080/departments/


WARNING:werkzeug: * Debugger is active!
INFO:werkzeug: * Debugger PIN: 105-872-535
INFO:logger:###              DEMO: GET /users/<username>              ###
DEBUG:logger:ndep: francisca
INFO:werkzeug:127.0.0.1 - - [24/Nov/2024 19:57:50] "[35m[1mGET /users/francisca HTTP/1.1[0m" 500 -
INFO:werkzeug: * Detected change in '/Users/francisca_mateus/Desktop/Universidade/2ยบ Ano/1ยบ Semestre/SGD/Projeto/Cloud-Query/python/app/cloud_query.py', reloading
INFO:werkzeug: * Restarting with stat
INFO:logger:
---------------------------------------------------------------
API v1.0 online: http://localhost:8080/departments/


WARNING:werkzeug: * Debugger is active!
INFO:werkzeug: * Debugger PIN: 105-872-535
INFO:logger:###              DEMO: GET /users/<username>              ###
DEBUG:logger:ndep: francisca
INFO:werkzeug:127.0.0.1 - - [24/Nov/2024 19:58:13] "[35m[1mGET /users/francisca HTTP/1.1[0m" 500 -
INFO:logger:###              DEMO: GET /users/<username>              ###
DEBUG:logger:ndep: francisca.sgd
INFO:werkzeug:127.0.0.1 - - [24/Nov/2024 19:58:18] "[35m[1mGET /users/francisca.sgd HTTP/1.1[0m" 500 -
INFO:werkzeug: * Detected change in '/Users/francisca_mateus/Desktop/Universidade/2ยบ Ano/1ยบ Semestre/SGD/Projeto/Cloud-Query/python/app/cloud_query.py', reloading
INFO:werkzeug: * Restarting with stat
INFO:logger:
---------------------------------------------------------------
API v1.0 online: http://localhost:8080/departments/


WARNING:werkzeug: * Debugger is active!
INFO:werkzeug: * Debugger PIN: 105-872-535
INFO:logger:###              DEMO: GET /users/<username>              ###
DEBUG:logger:ndep: francisca.sgd
DEBUG:logger:---- selected user  ----
DEBUG:logger:(1, 'francisca.sgd', 'francisca.sgd@test.com', 'test#123!')
INFO:werkzeug:127.0.0.1 - - [24/Nov/2024 19:58:41] "GET /users/francisca.sgd HTTP/1.1" 200 -
INFO:werkzeug: * Detected change in '/Users/francisca_mateus/Desktop/Universidade/2ยบ Ano/1ยบ Semestre/SGD/Projeto/Cloud-Query/python/app/cloud_query.py', reloading
INFO:werkzeug: * Restarting with stat
INFO:logger:
---------------------------------------------------------------
API v1.0 online: http://localhost:8080/departments/


WARNING:werkzeug: * Debugger is active!
INFO:werkzeug: * Debugger PIN: 105-872-535
INFO:werkzeug: * Detected change in '/Users/francisca_mateus/Desktop/Universidade/2ยบ Ano/1ยบ Semestre/SGD/Projeto/Cloud-Query/python/app/cloud_query.py', reloading
INFO:werkzeug: * Restarting with stat
INFO:logger:
---------------------------------------------------------------
API v1.0 online: http://localhost:8080/departments/


WARNING:werkzeug: * Debugger is active!
INFO:werkzeug: * Debugger PIN: 105-872-535
INFO:werkzeug: * Detected change in '/Users/francisca_mateus/Desktop/Universidade/2ยบ Ano/1ยบ Semestre/SGD/Projeto/Cloud-Query/python/app/cloud_query.py', reloading
INFO:werkzeug: * Restarting with stat
INFO:logger:
---------------------------------------------------------------
API v1.0 online: http://localhost:8080/departments/


WARNING:werkzeug: * Debugger is active!
INFO:werkzeug: * Debugger PIN: 105-872-535
INFO:werkzeug: * Detected change in '/Users/francisca_mateus/Desktop/Universidade/2ยบ Ano/1ยบ Semestre/SGD/Projeto/Cloud-Query/python/app/cloud_query.py', reloading
INFO:werkzeug: * Restarting with stat
INFO:logger:
---------------------------------------------------------------
API v1.0 online: http://localhost:8080/departments/


WARNING:werkzeug: * Debugger is active!
INFO:werkzeug: * Debugger PIN: 105-872-535
INFO:werkzeug: * Detected change in '/Users/francisca_mateus/Desktop/Universidade/2ยบ Ano/1ยบ Semestre/SGD/Projeto/Cloud-Query/python/app/cloud_query.py', reloading
INFO:werkzeug: * Restarting with stat
INFO:logger:
---------------------------------------------------------------
API v1.0 online: http://localhost:8080/departments/


WARNING:werkzeug: * Debugger is active!
INFO:werkzeug: * Debugger PIN: 105-872-535
INFO:werkzeug: * Detected change in '/Users/francisca_mateus/Desktop/Universidade/2ยบ Ano/1ยบ Semestre/SGD/Projeto/Cloud-Query/python/app/cloud_query.py', reloading
INFO:werkzeug: * Restarting with stat
INFO:logger:
---------------------------------------------------------------
API v1.0 online: http://localhost:8080/departments/


WARNING:werkzeug: * Debugger is active!
INFO:werkzeug: * Debugger PIN: 105-872-535
INFO:werkzeug: * Detected change in '/Users/francisca_mateus/Desktop/Universidade/2ยบ Ano/1ยบ Semestre/SGD/Projeto/Cloud-Query/python/app/cloud_query.py', reloading
INFO:werkzeug: * Restarting with stat
INFO:logger:
---------------------------------------------------------------
API v1.0 online: http://localhost:8080/departments/


INFO:werkzeug:[31m[1mWARNING: This is a development server. Do not use it in a production deployment. Use a production WSGI server instead.[0m
 * Running on all addresses (0.0.0.0)
 * Running on http://127.0.0.1:8080
 * Running on http://192.168.1.137:8080
INFO:werkzeug:[33mPress CTRL+C to quit[0m
INFO:werkzeug: * Restarting with stat
INFO:logger:
---------------------------------------------------------------
API v1.0 online: http://localhost:8080/departments/


WARNING:werkzeug: * Debugger is active!
INFO:werkzeug: * Debugger PIN: 105-872-535
INFO:logger:###              DEMO: GET /users/<username>              ###
DEBUG:logger:ndep: francisca
INFO:werkzeug:127.0.0.1 - - [24/Nov/2024 20:03:17] "[35m[1mGET /users/francisca HTTP/1.1[0m" 500 -
INFO:werkzeug: * Detected change in '/Users/francisca_mateus/Desktop/Universidade/2ยบ Ano/1ยบ Semestre/SGD/Projeto/Cloud-Query/python/app/cloud_query.py', reloading
INFO:werkzeug: * Restarting with stat
INFO:logger:
---------------------------------------------------------------
API v1.0 online: http://localhost:8080/departments/


WARNING:werkzeug: * Debugger is active!
INFO:werkzeug: * Debugger PIN: 105-872-535
INFO:logger:###              DEMO: GET /users/<username>              ###
DEBUG:logger:ndep: francisca
INFO:werkzeug:127.0.0.1 - - [24/Nov/2024 20:04:18] "[35m[1mGET /users/francisca HTTP/1.1[0m" 500 -
INFO:werkzeug: * Detected change in '/Users/francisca_mateus/Desktop/Universidade/2ยบ Ano/1ยบ Semestre/SGD/Projeto/Cloud-Query/python/app/cloud_query.py', reloading
INFO:werkzeug: * Restarting with stat
INFO:logger:
---------------------------------------------------------------
API v1.0 online: http://localhost:8080/departments/


WARNING:werkzeug: * Debugger is active!
INFO:werkzeug: * Debugger PIN: 105-872-535
INFO:werkzeug: * Detected change in '/Users/francisca_mateus/Desktop/Universidade/2ยบ Ano/1ยบ Semestre/SGD/Projeto/Cloud-Query/python/app/cloud_query.py', reloading
INFO:werkzeug: * Restarting with stat
INFO:logger:
---------------------------------------------------------------
API v1.0 online: http://localhost:8080/departments/


WARNING:werkzeug: * Debugger is active!
INFO:werkzeug: * Debugger PIN: 105-872-535
INFO:werkzeug: * Detected change in '/Users/francisca_mateus/Desktop/Universidade/2ยบ Ano/1ยบ Semestre/SGD/Projeto/Cloud-Query/python/app/cloud_query.py', reloading
INFO:werkzeug: * Restarting with stat
INFO:logger:
---------------------------------------------------------------
API v1.0 online: http://localhost:8080/departments/


WARNING:werkzeug: * Debugger is active!
INFO:werkzeug: * Debugger PIN: 105-872-535
INFO:werkzeug: * Detected change in '/Users/francisca_mateus/Desktop/Universidade/2ยบ Ano/1ยบ Semestre/SGD/Projeto/Cloud-Query/python/app/cloud_query.py', reloading
INFO:werkzeug: * Restarting with stat
INFO:logger:
---------------------------------------------------------------
API v1.0 online: http://localhost:8080/departments/


WARNING:werkzeug: * Debugger is active!
INFO:werkzeug: * Debugger PIN: 105-872-535
INFO:werkzeug: * Detected change in '/Users/francisca_mateus/Desktop/Universidade/2ยบ Ano/1ยบ Semestre/SGD/Projeto/Cloud-Query/python/app/cloud_query.py', reloading
INFO:werkzeug: * Restarting with stat
INFO:logger:
---------------------------------------------------------------
API v1.0 online: http://localhost:8080/departments/


INFO:werkzeug:[31m[1mWARNING: This is a development server. Do not use it in a production deployment. Use a production WSGI server instead.[0m
 * Running on all addresses (0.0.0.0)
 * Running on http://127.0.0.1:8080
 * Running on http://192.168.1.137:8080
INFO:werkzeug:[33mPress CTRL+C to quit[0m
INFO:werkzeug: * Restarting with stat
INFO:logger:
---------------------------------------------------------------
API v1.0 online: http://localhost:8080/departments/


WARNING:werkzeug: * Debugger is active!
INFO:werkzeug: * Debugger PIN: 105-872-535
INFO:logger:###              DEMO: GET /users/<username>              ###
DEBUG:logger:ndep: francisca
DEBUG:logger:---- selected user  ----
INFO:werkzeug:127.0.0.1 - - [24/Nov/2024 20:05:45] "[35m[1mGET /users/francisca HTTP/1.1[0m" 500 -
INFO:werkzeug: * Detected change in '/Users/francisca_mateus/Desktop/Universidade/2ยบ Ano/1ยบ Semestre/SGD/Projeto/Cloud-Query/python/app/cloud_query.py', reloading
INFO:werkzeug: * Restarting with stat
INFO:logger:
---------------------------------------------------------------
API v1.0 online: http://localhost:8080/departments/


WARNING:werkzeug: * Debugger is active!
INFO:werkzeug: * Debugger PIN: 105-872-535
INFO:logger:###              DEMO: GET /users/<username>              ###
DEBUG:logger:ndep: francisca
INFO:werkzeug:127.0.0.1 - - [24/Nov/2024 20:05:59] "[35m[1mGET /users/francisca HTTP/1.1[0m" 500 -
INFO:logger:###              DEMO: GET /users/<username>              ###
DEBUG:logger:ndep: francisca.sgd
DEBUG:logger:---- selected user  ----
DEBUG:logger:(1, 'francisca.sgd', 'francisca.sgd@test.com', 'test#123!')
INFO:werkzeug:127.0.0.1 - - [24/Nov/2024 20:06:04] "GET /users/francisca.sgd HTTP/1.1" 200 -
INFO:werkzeug: * Detected change in '/Users/francisca_mateus/Desktop/Universidade/2ยบ Ano/1ยบ Semestre/SGD/Projeto/Cloud-Query/python/app/cloud_query.py', reloading
INFO:werkzeug: * Restarting with stat
