INFO:logger:
---------------------------------------------------------------
API v1.0 online: http://localhost:8080/departments/


INFO:werkzeug:[31m[1mWARNING: This is a development server. Do not use it in a production deployment. Use a production WSGI server instead.[0m
 * Running on all addresses (0.0.0.0)
 * Running on http://127.0.0.1:8080
 * Running on http://172.18.0.3:8080
INFO:werkzeug:[33mPress CTRL+C to quit[0m
INFO:werkzeug: * Restarting with stat
INFO:logger:
---------------------------------------------------------------
API v1.0 online: http://localhost:8080/departments/


WARNING:werkzeug: * Debugger is active!
INFO:werkzeug: * Debugger PIN: 146-091-103
INFO:logger:
---------------------------------------------------------------
API v1.0 online: http://localhost:8080/departments/


INFO:werkzeug:[31m[1mWARNING: This is a development server. Do not use it in a production deployment. Use a production WSGI server instead.[0m
 * Running on all addresses (0.0.0.0)
 * Running on http://127.0.0.1:8080
 * Running on http://172.18.0.3:8080
INFO:werkzeug:[33mPress CTRL+C to quit[0m
INFO:werkzeug: * Restarting with stat
INFO:logger:
---------------------------------------------------------------
API v1.0 online: http://localhost:8080/departments/


WARNING:werkzeug: * Debugger is active!
INFO:werkzeug: * Debugger PIN: 146-091-103
INFO:werkzeug: * Detected change in '/app/cloud_query.py', reloading
INFO:werkzeug: * Restarting with stat
INFO:logger:
---------------------------------------------------------------
API v1.0 online: http://localhost:8080/departments/


WARNING:werkzeug: * Debugger is active!
INFO:werkzeug: * Debugger PIN: 146-091-103
INFO:logger:
---------------------------------------------------------------
API v1.0 online: http://localhost:8080/departments/


INFO:werkzeug:[31m[1mWARNING: This is a development server. Do not use it in a production deployment. Use a production WSGI server instead.[0m
 * Running on all addresses (0.0.0.0)
 * Running on http://127.0.0.1:8080
 * Running on http://172.18.0.3:8080
INFO:werkzeug:[33mPress CTRL+C to quit[0m
INFO:werkzeug: * Restarting with stat
INFO:logger:
---------------------------------------------------------------
API v1.0 online: http://localhost:8080/departments/


WARNING:werkzeug: * Debugger is active!
INFO:werkzeug: * Debugger PIN: 146-091-103
INFO:logger:
---------------------------------------------------------------
API v1.0 online: http://localhost:8080/departments/


INFO:werkzeug:[31m[1mWARNING: This is a development server. Do not use it in a production deployment. Use a production WSGI server instead.[0m
 * Running on all addresses (0.0.0.0)
 * Running on http://127.0.0.1:8080
 * Running on http://172.18.0.3:8080
INFO:werkzeug:[33mPress CTRL+C to quit[0m
INFO:werkzeug: * Restarting with stat
INFO:logger:
---------------------------------------------------------------
API v1.0 online: http://localhost:8080/departments/


WARNING:werkzeug: * Debugger is active!
INFO:werkzeug: * Debugger PIN: 146-091-103
INFO:logger:
---------------------------------------------------------------
API v1.0 online: http://localhost:8080/departments/


INFO:werkzeug:[31m[1mWARNING: This is a development server. Do not use it in a production deployment. Use a production WSGI server instead.[0m
 * Running on all addresses (0.0.0.0)
 * Running on http://127.0.0.1:8080
 * Running on http://192.168.1.137:8080
INFO:werkzeug:[33mPress CTRL+C to quit[0m
INFO:werkzeug: * Restarting with stat
INFO:logger:
---------------------------------------------------------------
API v1.0 online: http://localhost:8080/departments/


WARNING:werkzeug: * Debugger is active!
INFO:werkzeug: * Debugger PIN: 105-872-535
INFO:logger:###              DEMO: GET /departments              ###
INFO:werkzeug:127.0.0.1 - - [25/Nov/2024 11:14:05] "[35m[1mGET /departments/ HTTP/1.1[0m" 500 -
INFO:logger:###              DEMO: GET /departments              ###
INFO:werkzeug:127.0.0.1 - - [25/Nov/2024 11:14:05] "[35m[1mGET /departments/ HTTP/1.1[0m" 500 -
INFO:werkzeug:127.0.0.1 - - [25/Nov/2024 11:14:05] "[36mGET /departments/?__debugger__=yes&cmd=resource&f=debugger.js HTTP/1.1[0m" 304 -
INFO:werkzeug:127.0.0.1 - - [25/Nov/2024 11:14:05] "[36mGET /departments/?__debugger__=yes&cmd=resource&f=style.css HTTP/1.1[0m" 304 -
INFO:werkzeug:127.0.0.1 - - [25/Nov/2024 11:14:05] "[36mGET /departments/?__debugger__=yes&cmd=resource&f=debugger.js HTTP/1.1[0m" 304 -
INFO:werkzeug:127.0.0.1 - - [25/Nov/2024 11:14:05] "[36mGET /departments/?__debugger__=yes&cmd=resource&f=style.css HTTP/1.1[0m" 304 -
INFO:werkzeug:127.0.0.1 - - [25/Nov/2024 11:14:05] "GET /departments/?__debugger__=yes&cmd=resource&f=console.png&s=zkz6h86C6HOS1E5DIQ2T HTTP/1.1" 200 -
INFO:werkzeug:127.0.0.1 - - [25/Nov/2024 11:14:05] "[36mGET /departments/?__debugger__=yes&cmd=resource&f=console.png&s=zkz6h86C6HOS1E5DIQ2T HTTP/1.1[0m" 304 -
INFO:werkzeug:127.0.0.1 - - [25/Nov/2024 11:14:18] "GET / HTTP/1.1" 200 -
INFO:werkzeug:127.0.0.1 - - [25/Nov/2024 11:14:18] "[33mGET /favicon.ico HTTP/1.1[0m" 404 -
INFO:logger:
---------------------------------------------------------------
API v1.0 online: http://localhost:8080/departments/


INFO:werkzeug:[31m[1mWARNING: This is a development server. Do not use it in a production deployment. Use a production WSGI server instead.[0m
 * Running on all addresses (0.0.0.0)
 * Running on http://127.0.0.1:8080
 * Running on http://192.168.1.137:8080
INFO:werkzeug:[33mPress CTRL+C to quit[0m
INFO:werkzeug: * Restarting with stat
INFO:logger:
---------------------------------------------------------------
API v1.0 online: http://localhost:8080/departments/


WARNING:werkzeug: * Debugger is active!
INFO:werkzeug: * Debugger PIN: 105-872-535
INFO:logger:###              DEMO: GET /departments              ###
INFO:werkzeug:127.0.0.1 - - [25/Nov/2024 11:16:41] "[35m[1mGET /departments/ HTTP/1.1[0m" 500 -
INFO:logger:###              DEMO: GET /departments              ###
INFO:werkzeug:127.0.0.1 - - [25/Nov/2024 11:16:41] "[35m[1mGET /departments/ HTTP/1.1[0m" 500 -
INFO:werkzeug:127.0.0.1 - - [25/Nov/2024 11:16:41] "[36mGET /departments/?__debugger__=yes&cmd=resource&f=style.css HTTP/1.1[0m" 304 -
INFO:werkzeug:127.0.0.1 - - [25/Nov/2024 11:16:41] "[36mGET /departments/?__debugger__=yes&cmd=resource&f=debugger.js HTTP/1.1[0m" 304 -
INFO:werkzeug:127.0.0.1 - - [25/Nov/2024 11:16:41] "[36mGET /departments/?__debugger__=yes&cmd=resource&f=style.css HTTP/1.1[0m" 304 -
INFO:werkzeug:127.0.0.1 - - [25/Nov/2024 11:16:41] "[36mGET /departments/?__debugger__=yes&cmd=resource&f=debugger.js HTTP/1.1[0m" 304 -
INFO:werkzeug:127.0.0.1 - - [25/Nov/2024 11:16:41] "GET /departments/?__debugger__=yes&cmd=resource&f=console.png&s=nWMVxMQCROgbUsqE4EGh HTTP/1.1" 200 -
INFO:werkzeug:127.0.0.1 - - [25/Nov/2024 11:16:41] "[36mGET /departments/?__debugger__=yes&cmd=resource&f=console.png&s=nWMVxMQCROgbUsqE4EGh HTTP/1.1[0m" 304 -
INFO:werkzeug:127.0.0.1 - - [25/Nov/2024 11:16:48] "GET / HTTP/1.1" 200 -
INFO:werkzeug: * Detected change in '/Users/francisca_mateus/Desktop/Universidade/2ยบ Ano/1ยบ Semestre/SGD/Projeto/Cloud-Query/python/app/cloud_query.py', reloading
INFO:werkzeug: * Restarting with stat
INFO:logger:
---------------------------------------------------------------
API v1.0 online: http://localhost:8080/


WARNING:werkzeug: * Debugger is active!
INFO:werkzeug: * Debugger PIN: 105-872-535
INFO:werkzeug:127.0.0.1 - - [25/Nov/2024 11:17:19] "GET / HTTP/1.1" 200 -
INFO:werkzeug:127.0.0.1 - - [25/Nov/2024 11:17:19] "GET / HTTP/1.1" 200 -
INFO:logger:###              DEMO: GET /users/<username>              ###
DEBUG:logger:ndep: francisca.mateus.sgd
INFO:werkzeug:127.0.0.1 - - [25/Nov/2024 11:18:25] "[35m[1mGET /users/francisca.mateus.sgd HTTP/1.1[0m" 500 -
INFO:werkzeug:127.0.0.1 - - [25/Nov/2024 11:18:25] "GET /users/francisca.mateus.sgd?__debugger__=yes&cmd=resource&f=style.css HTTP/1.1" 200 -
INFO:werkzeug:127.0.0.1 - - [25/Nov/2024 11:18:25] "GET /users/francisca.mateus.sgd?__debugger__=yes&cmd=resource&f=debugger.js HTTP/1.1" 200 -
INFO:werkzeug:127.0.0.1 - - [25/Nov/2024 11:18:25] "GET /users/francisca.mateus.sgd?__debugger__=yes&cmd=resource&f=console.png&s=EKZkjGXkEUec4Zdb0YS7 HTTP/1.1" 200 -
INFO:werkzeug:127.0.0.1 - - [25/Nov/2024 11:18:25] "GET /users/francisca.mateus.sgd?__debugger__=yes&cmd=resource&f=console.png HTTP/1.1" 200 -
INFO:logger:###              DEMO: GET /users/<username>              ###
DEBUG:logger:ndep: francisca.mateus
INFO:werkzeug:127.0.0.1 - - [25/Nov/2024 11:18:43] "[35m[1mGET /users/francisca.mateus HTTP/1.1[0m" 500 -
INFO:werkzeug:127.0.0.1 - - [25/Nov/2024 11:18:44] "GET /users/francisca.mateus?__debugger__=yes&cmd=resource&f=style.css HTTP/1.1" 200 -
INFO:werkzeug:127.0.0.1 - - [25/Nov/2024 11:18:44] "GET /users/francisca.mateus?__debugger__=yes&cmd=resource&f=debugger.js HTTP/1.1" 200 -
INFO:werkzeug:127.0.0.1 - - [25/Nov/2024 11:18:44] "GET /users/francisca.mateus?__debugger__=yes&cmd=resource&f=console.png&s=EKZkjGXkEUec4Zdb0YS7 HTTP/1.1" 200 -
INFO:werkzeug:127.0.0.1 - - [25/Nov/2024 11:18:44] "GET /users/francisca.mateus?__debugger__=yes&cmd=resource&f=console.png HTTP/1.1" 200 -
INFO:logger:###              DEMO: GET /users/<username>              ###
DEBUG:logger:ndep: francisca.sgd
DEBUG:logger:---- selected user  ----
DEBUG:logger:(1, 'francisca.sgd', 'francisca.sgd@test.com', 'test#123!')
INFO:werkzeug:127.0.0.1 - - [25/Nov/2024 11:20:02] "GET /users/francisca.sgd HTTP/1.1" 200 -
INFO:logger:
---------------------------------------------------------------
API v1.0 online: http://localhost:8080/cloud-query/


INFO:werkzeug:[31m[1mWARNING: This is a development server. Do not use it in a production deployment. Use a production WSGI server instead.[0m
 * Running on all addresses (0.0.0.0)
 * Running on http://127.0.0.1:8080
 * Running on http://192.168.1.137:8080
INFO:werkzeug:[33mPress CTRL+C to quit[0m
INFO:werkzeug: * Restarting with stat
INFO:logger:
---------------------------------------------------------------
API v1.0 online: http://localhost:8080/cloud-query/


WARNING:werkzeug: * Debugger is active!
INFO:werkzeug: * Debugger PIN: 105-872-535
INFO:werkzeug:127.0.0.1 - - [25/Nov/2024 11:24:24] "GET /cloud-query/ HTTP/1.1" 200 -
INFO:werkzeug:127.0.0.1 - - [25/Nov/2024 11:24:24] "GET /cloud-query/ HTTP/1.1" 200 -
INFO:werkzeug:127.0.0.1 - - [25/Nov/2024 11:25:24] "[33mGET /cloud-query/user HTTP/1.1[0m" 404 -
INFO:werkzeug: * Detected change in '/Users/francisca_mateus/Desktop/Universidade/2ยบ Ano/1ยบ Semestre/SGD/Projeto/Cloud-Query/python/app/cloud_query.py', reloading
INFO:werkzeug: * Restarting with stat
INFO:logger:
---------------------------------------------------------------
API v1.0 online: http://localhost:8080/cloud-query/


WARNING:werkzeug: * Debugger is active!
INFO:werkzeug: * Debugger PIN: 105-872-535
INFO:werkzeug: * Detected change in '/Users/francisca_mateus/Desktop/Universidade/2ยบ Ano/1ยบ Semestre/SGD/Projeto/Cloud-Query/python/app/cloud_query.py', reloading
INFO:werkzeug: * Restarting with stat
INFO:logger:
---------------------------------------------------------------
API v1.0 online: http://localhost:8080/cloud-query/


INFO:werkzeug:[31m[1mWARNING: This is a development server. Do not use it in a production deployment. Use a production WSGI server instead.[0m
 * Running on all addresses (0.0.0.0)
 * Running on http://127.0.0.1:8080
 * Running on http://192.168.1.137:8080
INFO:werkzeug:[33mPress CTRL+C to quit[0m
INFO:werkzeug: * Restarting with stat
INFO:logger:
---------------------------------------------------------------
API v1.0 online: http://localhost:8080/cloud-query/


WARNING:werkzeug: * Debugger is active!
INFO:werkzeug: * Debugger PIN: 105-872-535
INFO:logger:###              DEMO: POST /users              ###
INFO:werkzeug:127.0.0.1 - - [25/Nov/2024 11:54:04] "[31m[1mPOST /cloud-query/user HTTP/1.1[0m" 400 -
INFO:logger:###              DEMO: POST /users              ###
INFO:werkzeug:127.0.0.1 - - [25/Nov/2024 11:55:20] "[31m[1mPOST /cloud-query/user HTTP/1.1[0m" 400 -
INFO:logger:###              DEMO: POST /users              ###
INFO:logger:---- new user  ----
DEBUG:logger:payload: {'username': 'ramyad_123', 'email': 'ramyad_123@test.com', 'password': 'test#123!'}
INFO:werkzeug:127.0.0.1 - - [25/Nov/2024 11:55:27] "POST /cloud-query/user HTTP/1.1" 200 -
INFO:werkzeug: * Detected change in '/Users/francisca_mateus/Desktop/Universidade/2ยบ Ano/1ยบ Semestre/SGD/Projeto/Cloud-Query/python/app/cloud_query.py', reloading
INFO:werkzeug: * Restarting with stat
INFO:logger:
---------------------------------------------------------------
API v1.0 online: http://localhost:8080/cloud-query/


WARNING:werkzeug: * Debugger is active!
INFO:werkzeug: * Debugger PIN: 105-872-535
INFO:werkzeug: * Detected change in '/Users/francisca_mateus/Desktop/Universidade/2ยบ Ano/1ยบ Semestre/SGD/Projeto/Cloud-Query/python/app/cloud_query.py', reloading
INFO:werkzeug: * Restarting with stat
INFO:logger:
---------------------------------------------------------------
API v1.0 online: http://localhost:8080/cloud-query/


WARNING:werkzeug: * Debugger is active!
INFO:werkzeug: * Debugger PIN: 105-872-535
INFO:werkzeug: * Detected change in '/Users/francisca_mateus/Desktop/Universidade/2ยบ Ano/1ยบ Semestre/SGD/Projeto/Cloud-Query/python/app/cloud_query.py', reloading
INFO:werkzeug: * Restarting with stat
INFO:logger:
---------------------------------------------------------------
API v1.0 online: http://localhost:8080/cloud-query/


WARNING:werkzeug: * Debugger is active!
INFO:werkzeug: * Debugger PIN: 105-872-535
INFO:werkzeug: * Detected change in '/Users/francisca_mateus/Desktop/Universidade/2ยบ Ano/1ยบ Semestre/SGD/Projeto/Cloud-Query/python/app/cloud_query.py', reloading
INFO:werkzeug: * Restarting with stat
INFO:logger:
---------------------------------------------------------------
API v1.0 online: http://localhost:8080/cloud-query/


INFO:werkzeug:[31m[1mWARNING: This is a development server. Do not use it in a production deployment. Use a production WSGI server instead.[0m
 * Running on all addresses (0.0.0.0)
 * Running on http://127.0.0.1:8080
 * Running on http://192.168.1.137:8080
INFO:werkzeug:[33mPress CTRL+C to quit[0m
INFO:werkzeug: * Restarting with stat
INFO:logger:
---------------------------------------------------------------
API v1.0 online: http://localhost:8080/cloud-query/


WARNING:werkzeug: * Debugger is active!
INFO:werkzeug: * Debugger PIN: 105-872-535
INFO:werkzeug: * Detected change in '/Users/francisca_mateus/Desktop/Universidade/2ยบ Ano/1ยบ Semestre/SGD/Projeto/Cloud-Query/python/app/cloud_query.py', reloading
INFO:werkzeug: * Restarting with stat
INFO:logger:
---------------------------------------------------------------
API v1.0 online: http://localhost:8080/cloud-query/


WARNING:werkzeug: * Debugger is active!
INFO:werkzeug: * Debugger PIN: 105-872-535
INFO:logger:###              DEMO: PUT /users              ###
INFO:werkzeug:127.0.0.1 - - [25/Nov/2024 12:24:37] "[35m[1mPUT /cloud-query/user HTTP/1.1[0m" 500 -
INFO:werkzeug: * Detected change in '/Users/francisca_mateus/Desktop/Universidade/2ยบ Ano/1ยบ Semestre/SGD/Projeto/Cloud-Query/python/app/cloud_query.py', reloading
INFO:werkzeug: * Restarting with stat
INFO:logger:
---------------------------------------------------------------
API v1.0 online: http://localhost:8080/cloud-query/


INFO:werkzeug:[31m[1mWARNING: This is a development server. Do not use it in a production deployment. Use a production WSGI server instead.[0m
 * Running on all addresses (0.0.0.0)
 * Running on http://127.0.0.1:8080
 * Running on http://192.168.1.137:8080
INFO:werkzeug:[33mPress CTRL+C to quit[0m
INFO:werkzeug: * Restarting with stat
INFO:logger:
---------------------------------------------------------------
API v1.0 online: http://localhost:8080/cloud-query/


WARNING:werkzeug: * Debugger is active!
INFO:werkzeug: * Debugger PIN: 105-872-535
INFO:logger:###              DEMO: PUT /users              ###
INFO:werkzeug:127.0.0.1 - - [25/Nov/2024 12:28:03] "[35m[1mPUT /cloud-query/user HTTP/1.1[0m" 500 -
INFO:werkzeug: * Detected change in '/Users/francisca_mateus/Desktop/Universidade/2ยบ Ano/1ยบ Semestre/SGD/Projeto/Cloud-Query/python/app/cloud_query.py', reloading
INFO:werkzeug: * Restarting with stat
INFO:logger:
---------------------------------------------------------------
API v1.0 online: http://localhost:8080/cloud-query/


WARNING:werkzeug: * Debugger is active!
INFO:werkzeug: * Debugger PIN: 105-872-535
INFO:logger:###              DEMO: PUT /users              ###
INFO:werkzeug:127.0.0.1 - - [25/Nov/2024 12:29:50] "[35m[1mPUT /cloud-query/user HTTP/1.1[0m" 500 -
INFO:logger:
---------------------------------------------------------------
API v1.0 online: http://localhost:8080/cloud-query/


INFO:werkzeug:[31m[1mWARNING: This is a development server. Do not use it in a production deployment. Use a production WSGI server instead.[0m
 * Running on all addresses (0.0.0.0)
 * Running on http://127.0.0.1:8080
 * Running on http://192.168.1.137:8080
INFO:werkzeug:[33mPress CTRL+C to quit[0m
INFO:werkzeug: * Restarting with stat
INFO:logger:
---------------------------------------------------------------
API v1.0 online: http://localhost:8080/cloud-query/


WARNING:werkzeug: * Debugger is active!
INFO:werkzeug: * Debugger PIN: 105-872-535
INFO:logger:###              DEMO: PUT /users              ###
INFO:werkzeug:127.0.0.1 - - [25/Nov/2024 12:31:55] "[35m[1mPUT /cloud-query/user HTTP/1.1[0m" 500 -
INFO:werkzeug: * Detected change in '/Users/francisca_mateus/Desktop/Universidade/2ยบ Ano/1ยบ Semestre/SGD/Projeto/Cloud-Query/python/app/cloud_query.py', reloading
INFO:werkzeug: * Restarting with stat
INFO:logger:
---------------------------------------------------------------
API v1.0 online: http://localhost:8080/cloud-query/


WARNING:werkzeug: * Debugger is active!
INFO:werkzeug: * Debugger PIN: 105-872-535
INFO:werkzeug: * Detected change in '/Users/francisca_mateus/Desktop/Universidade/2ยบ Ano/1ยบ Semestre/SGD/Projeto/Cloud-Query/python/app/cloud_query.py', reloading
INFO:werkzeug: * Restarting with stat
INFO:logger:
---------------------------------------------------------------
API v1.0 online: http://localhost:8080/cloud-query/


WARNING:werkzeug: * Debugger is active!
INFO:werkzeug: * Debugger PIN: 105-872-535
INFO:logger:###              DEMO: PUT /users              ###
INFO:werkzeug:127.0.0.1 - - [25/Nov/2024 12:36:20] "[35m[1mPUT /cloud-query/user HTTP/1.1[0m" 500 -
INFO:logger:
---------------------------------------------------------------
API v1.0 online: http://localhost:8080/cloud-query/


INFO:werkzeug:[31m[1mWARNING: This is a development server. Do not use it in a production deployment. Use a production WSGI server instead.[0m
 * Running on all addresses (0.0.0.0)
 * Running on http://127.0.0.1:8080
 * Running on http://192.168.1.137:8080
INFO:werkzeug:[33mPress CTRL+C to quit[0m
INFO:werkzeug: * Restarting with stat
INFO:logger:
---------------------------------------------------------------
API v1.0 online: http://localhost:8080/cloud-query/


WARNING:werkzeug: * Debugger is active!
INFO:werkzeug: * Debugger PIN: 105-872-535
INFO:logger:###              DEMO: PUT /users              ###
INFO:werkzeug:127.0.0.1 - - [25/Nov/2024 12:37:30] "[35m[1mPUT /cloud-query/user HTTP/1.1[0m" 500 -
INFO:werkzeug: * Detected change in '/Users/francisca_mateus/Desktop/Universidade/2ยบ Ano/1ยบ Semestre/SGD/Projeto/Cloud-Query/python/app/cloud_query.py', reloading
INFO:werkzeug: * Restarting with stat
INFO:logger:
---------------------------------------------------------------
API v1.0 online: http://localhost:8080/cloud-query/


WARNING:werkzeug: * Debugger is active!
INFO:werkzeug: * Debugger PIN: 105-872-535
INFO:werkzeug: * Detected change in '/Users/francisca_mateus/Desktop/Universidade/2ยบ Ano/1ยบ Semestre/SGD/Projeto/Cloud-Query/python/app/cloud_query.py', reloading
INFO:werkzeug: * Restarting with stat
INFO:logger:
---------------------------------------------------------------
API v1.0 online: http://localhost:8080/cloud-query/


WARNING:werkzeug: * Debugger is active!
INFO:werkzeug: * Debugger PIN: 105-872-535
INFO:werkzeug: * Detected change in '/Users/francisca_mateus/Desktop/Universidade/2ยบ Ano/1ยบ Semestre/SGD/Projeto/Cloud-Query/python/app/cloud_query.py', reloading
INFO:werkzeug: * Restarting with stat
INFO:logger:
---------------------------------------------------------------
API v1.0 online: http://localhost:8080/cloud-query/


WARNING:werkzeug: * Debugger is active!
INFO:werkzeug: * Debugger PIN: 105-872-535
INFO:logger:###              DEMO: POST /users              ###
INFO:logger:---- new user  ----
DEBUG:logger:payload: {'username': 'ramyad_123', 'email': 'ramyad_123@test.com', 'password': 'test#123!'}
INFO:werkzeug:127.0.0.1 - - [25/Nov/2024 12:49:06] "POST /cloud-query/user HTTP/1.1" 200 -
INFO:logger:###              DEMO: PUT /users              ###
INFO:werkzeug:127.0.0.1 - - [25/Nov/2024 12:49:15] "[35m[1mPUT /cloud-query/user HTTP/1.1[0m" 500 -
INFO:werkzeug: * Detected change in '/Users/francisca_mateus/Desktop/Universidade/2ยบ Ano/1ยบ Semestre/SGD/Projeto/Cloud-Query/python/app/cloud_query.py', reloading
INFO:werkzeug: * Restarting with stat
INFO:logger:
---------------------------------------------------------------
API v1.0 online: http://localhost:8080/cloud-query/


WARNING:werkzeug: * Debugger is active!
INFO:werkzeug: * Debugger PIN: 105-872-535
INFO:werkzeug: * Detected change in '/Users/francisca_mateus/Desktop/Universidade/2ยบ Ano/1ยบ Semestre/SGD/Projeto/Cloud-Query/cloud_query/lib/python3.11/site-packages/jwt/utils.py', reloading
INFO:werkzeug: * Restarting with stat
INFO:logger:
---------------------------------------------------------------
API v1.0 online: http://localhost:8080/cloud-query/


WARNING:werkzeug: * Debugger is active!
INFO:werkzeug: * Debugger PIN: 105-872-535
INFO:logger:###              DEMO: PUT /users              ###
INFO:werkzeug:127.0.0.1 - - [25/Nov/2024 12:51:57] "[35m[1mPUT /cloud-query/user HTTP/1.1[0m" 500 -
INFO:logger:###              DEMO: PUT /users              ###
INFO:werkzeug:127.0.0.1 - - [25/Nov/2024 12:54:34] "[35m[1mPUT /cloud-query/user HTTP/1.1[0m" 500 -
INFO:logger:###              DEMO: PUT /users              ###
INFO:werkzeug: * Detected change in '/Users/francisca_mateus/Desktop/Universidade/2ยบ Ano/1ยบ Semestre/SGD/Projeto/Cloud-Query/python/app/cloud_query.py', reloading
INFO:werkzeug: * Restarting with stat
INFO:logger:
---------------------------------------------------------------
API v1.0 online: http://localhost:8080/cloud-query/


WARNING:werkzeug: * Debugger is active!
INFO:werkzeug: * Debugger PIN: 105-872-535
INFO:logger:###              DEMO: PUT /users              ###
INFO:werkzeug:127.0.0.1 - - [25/Nov/2024 12:55:50] "PUT /cloud-query/user HTTP/1.1" 200 -
